<?xml version="1.0" encoding="UTF-8"?>
<testsuite xmlns:xsi="http://www.w3.org/2001/XMLSchema-instance" xsi:noNamespaceSchemaLocation="https://maven.apache.org/surefire/maven-surefire-plugin/xsd/surefire-test-report.xsd" name="gr.upatras.demo.DemoApplicationTests" time="0.46" tests="1" errors="1" skipped="0" failures="0">
  <properties>
    <property name="java.specification.version" value="18"/>
    <property name="sun.jnu.encoding" value="UTF-8"/>
    <property name="java.class.path" value="/home/vagozino/projects/university/8th semester/advancedprogrammingtechniques/lab/lab4/demo/target/test-classes:/home/vagozino/projects/university/8th semester/advancedprogrammingtechniques/lab/lab4/demo/target/classes:/home/vagozino/.m2/repository/org/springframework/boot/spring-boot-starter-web/2.7.0-SNAPSHOT/spring-boot-starter-web-2.7.0-SNAPSHOT.jar:/home/vagozino/.m2/repository/org/springframework/boot/spring-boot-starter/2.7.0-SNAPSHOT/spring-boot-starter-2.7.0-SNAPSHOT.jar:/home/vagozino/.m2/repository/org/springframework/boot/spring-boot/2.7.0-SNAPSHOT/spring-boot-2.7.0-SNAPSHOT.jar:/home/vagozino/.m2/repository/org/springframework/boot/spring-boot-autoconfigure/2.7.0-SNAPSHOT/spring-boot-autoconfigure-2.7.0-SNAPSHOT.jar:/home/vagozino/.m2/repository/org/springframework/boot/spring-boot-starter-logging/2.7.0-SNAPSHOT/spring-boot-starter-logging-2.7.0-SNAPSHOT.jar:/home/vagozino/.m2/repository/ch/qos/logback/logback-classic/1.2.11/logback-classic-1.2.11.jar:/home/vagozino/.m2/repository/ch/qos/logback/logback-core/1.2.11/logback-core-1.2.11.jar:/home/vagozino/.m2/repository/org/apache/logging/log4j/log4j-to-slf4j/2.17.2/log4j-to-slf4j-2.17.2.jar:/home/vagozino/.m2/repository/org/apache/logging/log4j/log4j-api/2.17.2/log4j-api-2.17.2.jar:/home/vagozino/.m2/repository/org/slf4j/jul-to-slf4j/1.7.36/jul-to-slf4j-1.7.36.jar:/home/vagozino/.m2/repository/jakarta/annotation/jakarta.annotation-api/1.3.5/jakarta.annotation-api-1.3.5.jar:/home/vagozino/.m2/repository/org/yaml/snakeyaml/1.30/snakeyaml-1.30.jar:/home/vagozino/.m2/repository/org/springframework/boot/spring-boot-starter-json/2.7.0-SNAPSHOT/spring-boot-starter-json-2.7.0-SNAPSHOT.jar:/home/vagozino/.m2/repository/com/fasterxml/jackson/core/jackson-databind/2.13.2/jackson-databind-2.13.2.jar:/home/vagozino/.m2/repository/com/fasterxml/jackson/core/jackson-annotations/2.13.2/jackson-annotations-2.13.2.jar:/home/vagozino/.m2/repository/com/fasterxml/jackson/core/jackson-core/2.13.2/jackson-core-2.13.2.jar:/home/vagozino/.m2/repository/com/fasterxml/jackson/datatype/jackson-datatype-jdk8/2.13.2/jackson-datatype-jdk8-2.13.2.jar:/home/vagozino/.m2/repository/com/fasterxml/jackson/datatype/jackson-datatype-jsr310/2.13.2/jackson-datatype-jsr310-2.13.2.jar:/home/vagozino/.m2/repository/com/fasterxml/jackson/module/jackson-module-parameter-names/2.13.2/jackson-module-parameter-names-2.13.2.jar:/home/vagozino/.m2/repository/org/springframework/boot/spring-boot-starter-tomcat/2.7.0-SNAPSHOT/spring-boot-starter-tomcat-2.7.0-SNAPSHOT.jar:/home/vagozino/.m2/repository/org/apache/tomcat/embed/tomcat-embed-core/9.0.60/tomcat-embed-core-9.0.60.jar:/home/vagozino/.m2/repository/org/apache/tomcat/embed/tomcat-embed-el/9.0.60/tomcat-embed-el-9.0.60.jar:/home/vagozino/.m2/repository/org/apache/tomcat/embed/tomcat-embed-websocket/9.0.60/tomcat-embed-websocket-9.0.60.jar:/home/vagozino/.m2/repository/org/springframework/spring-web/5.3.19/spring-web-5.3.19.jar:/home/vagozino/.m2/repository/org/springframework/spring-beans/5.3.19/spring-beans-5.3.19.jar:/home/vagozino/.m2/repository/org/springframework/spring-webmvc/5.3.19/spring-webmvc-5.3.19.jar:/home/vagozino/.m2/repository/org/springframework/spring-aop/5.3.19/spring-aop-5.3.19.jar:/home/vagozino/.m2/repository/org/springframework/spring-context/5.3.19/spring-context-5.3.19.jar:/home/vagozino/.m2/repository/org/springframework/spring-expression/5.3.19/spring-expression-5.3.19.jar:/home/vagozino/.m2/repository/org/springframework/boot/spring-boot-starter-test/2.7.0-SNAPSHOT/spring-boot-starter-test-2.7.0-SNAPSHOT.jar:/home/vagozino/.m2/repository/org/springframework/boot/spring-boot-test/2.7.0-SNAPSHOT/spring-boot-test-2.7.0-SNAPSHOT.jar:/home/vagozino/.m2/repository/org/springframework/boot/spring-boot-test-autoconfigure/2.7.0-SNAPSHOT/spring-boot-test-autoconfigure-2.7.0-SNAPSHOT.jar:/home/vagozino/.m2/repository/com/jayway/jsonpath/json-path/2.7.0/json-path-2.7.0.jar:/home/vagozino/.m2/repository/net/minidev/json-smart/2.4.8/json-smart-2.4.8.jar:/home/vagozino/.m2/repository/net/minidev/accessors-smart/2.4.8/accessors-smart-2.4.8.jar:/home/vagozino/.m2/repository/org/ow2/asm/asm/9.1/asm-9.1.jar:/home/vagozino/.m2/repository/org/slf4j/slf4j-api/1.7.36/slf4j-api-1.7.36.jar:/home/vagozino/.m2/repository/jakarta/xml/bind/jakarta.xml.bind-api/2.3.3/jakarta.xml.bind-api-2.3.3.jar:/home/vagozino/.m2/repository/jakarta/activation/jakarta.activation-api/1.2.2/jakarta.activation-api-1.2.2.jar:/home/vagozino/.m2/repository/org/assertj/assertj-core/3.22.0/assertj-core-3.22.0.jar:/home/vagozino/.m2/repository/org/hamcrest/hamcrest/2.2/hamcrest-2.2.jar:/home/vagozino/.m2/repository/org/junit/jupiter/junit-jupiter/5.8.2/junit-jupiter-5.8.2.jar:/home/vagozino/.m2/repository/org/junit/jupiter/junit-jupiter-api/5.8.2/junit-jupiter-api-5.8.2.jar:/home/vagozino/.m2/repository/org/opentest4j/opentest4j/1.2.0/opentest4j-1.2.0.jar:/home/vagozino/.m2/repository/org/junit/platform/junit-platform-commons/1.8.2/junit-platform-commons-1.8.2.jar:/home/vagozino/.m2/repository/org/apiguardian/apiguardian-api/1.1.2/apiguardian-api-1.1.2.jar:/home/vagozino/.m2/repository/org/junit/jupiter/junit-jupiter-params/5.8.2/junit-jupiter-params-5.8.2.jar:/home/vagozino/.m2/repository/org/junit/jupiter/junit-jupiter-engine/5.8.2/junit-jupiter-engine-5.8.2.jar:/home/vagozino/.m2/repository/org/junit/platform/junit-platform-engine/1.8.2/junit-platform-engine-1.8.2.jar:/home/vagozino/.m2/repository/org/mockito/mockito-core/4.4.0/mockito-core-4.4.0.jar:/home/vagozino/.m2/repository/net/bytebuddy/byte-buddy/1.12.8/byte-buddy-1.12.8.jar:/home/vagozino/.m2/repository/net/bytebuddy/byte-buddy-agent/1.12.8/byte-buddy-agent-1.12.8.jar:/home/vagozino/.m2/repository/org/objenesis/objenesis/3.2/objenesis-3.2.jar:/home/vagozino/.m2/repository/org/mockito/mockito-junit-jupiter/4.4.0/mockito-junit-jupiter-4.4.0.jar:/home/vagozino/.m2/repository/org/skyscreamer/jsonassert/1.5.0/jsonassert-1.5.0.jar:/home/vagozino/.m2/repository/com/vaadin/external/google/android-json/0.0.20131108.vaadin1/android-json-0.0.20131108.vaadin1.jar:/home/vagozino/.m2/repository/org/springframework/spring-core/5.3.19/spring-core-5.3.19.jar:/home/vagozino/.m2/repository/org/springframework/spring-jcl/5.3.19/spring-jcl-5.3.19.jar:/home/vagozino/.m2/repository/org/springframework/spring-test/5.3.19/spring-test-5.3.19.jar:/home/vagozino/.m2/repository/org/xmlunit/xmlunit-core/2.9.0/xmlunit-core-2.9.0.jar:"/>
    <property name="java.vm.vendor" value="Oracle Corporation"/>
    <property name="sun.arch.data.model" value="64"/>
    <property name="java.vendor.url" value="https://openjdk.java.net/"/>
    <property name="os.name" value="Linux"/>
    <property name="java.vm.specification.version" value="18"/>
    <property name="sun.java.launcher" value="SUN_STANDARD"/>
    <property name="user.country" value="US"/>
    <property name="sun.boot.library.path" value="/usr/lib/jvm/java-18-openjdk/lib"/>
    <property name="sun.java.command" value="/home/vagozino/projects/university/8th semester/advancedprogrammingtechniques/lab/lab4/demo/target/surefire/surefirebooter307115144907287090.jar /home/vagozino/projects/university/8th semester/advancedprogrammingtechniques/lab/lab4/demo/target/surefire 2022-04-14T11-41-48_557-jvmRun1 surefire16133613522109398170tmp surefire_012718669639337002622tmp"/>
    <property name="jdk.debug" value="release"/>
    <property name="surefire.test.class.path" value="/home/vagozino/projects/university/8th semester/advancedprogrammingtechniques/lab/lab4/demo/target/test-classes:/home/vagozino/projects/university/8th semester/advancedprogrammingtechniques/lab/lab4/demo/target/classes:/home/vagozino/.m2/repository/org/springframework/boot/spring-boot-starter-web/2.7.0-SNAPSHOT/spring-boot-starter-web-2.7.0-SNAPSHOT.jar:/home/vagozino/.m2/repository/org/springframework/boot/spring-boot-starter/2.7.0-SNAPSHOT/spring-boot-starter-2.7.0-SNAPSHOT.jar:/home/vagozino/.m2/repository/org/springframework/boot/spring-boot/2.7.0-SNAPSHOT/spring-boot-2.7.0-SNAPSHOT.jar:/home/vagozino/.m2/repository/org/springframework/boot/spring-boot-autoconfigure/2.7.0-SNAPSHOT/spring-boot-autoconfigure-2.7.0-SNAPSHOT.jar:/home/vagozino/.m2/repository/org/springframework/boot/spring-boot-starter-logging/2.7.0-SNAPSHOT/spring-boot-starter-logging-2.7.0-SNAPSHOT.jar:/home/vagozino/.m2/repository/ch/qos/logback/logback-classic/1.2.11/logback-classic-1.2.11.jar:/home/vagozino/.m2/repository/ch/qos/logback/logback-core/1.2.11/logback-core-1.2.11.jar:/home/vagozino/.m2/repository/org/apache/logging/log4j/log4j-to-slf4j/2.17.2/log4j-to-slf4j-2.17.2.jar:/home/vagozino/.m2/repository/org/apache/logging/log4j/log4j-api/2.17.2/log4j-api-2.17.2.jar:/home/vagozino/.m2/repository/org/slf4j/jul-to-slf4j/1.7.36/jul-to-slf4j-1.7.36.jar:/home/vagozino/.m2/repository/jakarta/annotation/jakarta.annotation-api/1.3.5/jakarta.annotation-api-1.3.5.jar:/home/vagozino/.m2/repository/org/yaml/snakeyaml/1.30/snakeyaml-1.30.jar:/home/vagozino/.m2/repository/org/springframework/boot/spring-boot-starter-json/2.7.0-SNAPSHOT/spring-boot-starter-json-2.7.0-SNAPSHOT.jar:/home/vagozino/.m2/repository/com/fasterxml/jackson/core/jackson-databind/2.13.2/jackson-databind-2.13.2.jar:/home/vagozino/.m2/repository/com/fasterxml/jackson/core/jackson-annotations/2.13.2/jackson-annotations-2.13.2.jar:/home/vagozino/.m2/repository/com/fasterxml/jackson/core/jackson-core/2.13.2/jackson-core-2.13.2.jar:/home/vagozino/.m2/repository/com/fasterxml/jackson/datatype/jackson-datatype-jdk8/2.13.2/jackson-datatype-jdk8-2.13.2.jar:/home/vagozino/.m2/repository/com/fasterxml/jackson/datatype/jackson-datatype-jsr310/2.13.2/jackson-datatype-jsr310-2.13.2.jar:/home/vagozino/.m2/repository/com/fasterxml/jackson/module/jackson-module-parameter-names/2.13.2/jackson-module-parameter-names-2.13.2.jar:/home/vagozino/.m2/repository/org/springframework/boot/spring-boot-starter-tomcat/2.7.0-SNAPSHOT/spring-boot-starter-tomcat-2.7.0-SNAPSHOT.jar:/home/vagozino/.m2/repository/org/apache/tomcat/embed/tomcat-embed-core/9.0.60/tomcat-embed-core-9.0.60.jar:/home/vagozino/.m2/repository/org/apache/tomcat/embed/tomcat-embed-el/9.0.60/tomcat-embed-el-9.0.60.jar:/home/vagozino/.m2/repository/org/apache/tomcat/embed/tomcat-embed-websocket/9.0.60/tomcat-embed-websocket-9.0.60.jar:/home/vagozino/.m2/repository/org/springframework/spring-web/5.3.19/spring-web-5.3.19.jar:/home/vagozino/.m2/repository/org/springframework/spring-beans/5.3.19/spring-beans-5.3.19.jar:/home/vagozino/.m2/repository/org/springframework/spring-webmvc/5.3.19/spring-webmvc-5.3.19.jar:/home/vagozino/.m2/repository/org/springframework/spring-aop/5.3.19/spring-aop-5.3.19.jar:/home/vagozino/.m2/repository/org/springframework/spring-context/5.3.19/spring-context-5.3.19.jar:/home/vagozino/.m2/repository/org/springframework/spring-expression/5.3.19/spring-expression-5.3.19.jar:/home/vagozino/.m2/repository/org/springframework/boot/spring-boot-starter-test/2.7.0-SNAPSHOT/spring-boot-starter-test-2.7.0-SNAPSHOT.jar:/home/vagozino/.m2/repository/org/springframework/boot/spring-boot-test/2.7.0-SNAPSHOT/spring-boot-test-2.7.0-SNAPSHOT.jar:/home/vagozino/.m2/repository/org/springframework/boot/spring-boot-test-autoconfigure/2.7.0-SNAPSHOT/spring-boot-test-autoconfigure-2.7.0-SNAPSHOT.jar:/home/vagozino/.m2/repository/com/jayway/jsonpath/json-path/2.7.0/json-path-2.7.0.jar:/home/vagozino/.m2/repository/net/minidev/json-smart/2.4.8/json-smart-2.4.8.jar:/home/vagozino/.m2/repository/net/minidev/accessors-smart/2.4.8/accessors-smart-2.4.8.jar:/home/vagozino/.m2/repository/org/ow2/asm/asm/9.1/asm-9.1.jar:/home/vagozino/.m2/repository/org/slf4j/slf4j-api/1.7.36/slf4j-api-1.7.36.jar:/home/vagozino/.m2/repository/jakarta/xml/bind/jakarta.xml.bind-api/2.3.3/jakarta.xml.bind-api-2.3.3.jar:/home/vagozino/.m2/repository/jakarta/activation/jakarta.activation-api/1.2.2/jakarta.activation-api-1.2.2.jar:/home/vagozino/.m2/repository/org/assertj/assertj-core/3.22.0/assertj-core-3.22.0.jar:/home/vagozino/.m2/repository/org/hamcrest/hamcrest/2.2/hamcrest-2.2.jar:/home/vagozino/.m2/repository/org/junit/jupiter/junit-jupiter/5.8.2/junit-jupiter-5.8.2.jar:/home/vagozino/.m2/repository/org/junit/jupiter/junit-jupiter-api/5.8.2/junit-jupiter-api-5.8.2.jar:/home/vagozino/.m2/repository/org/opentest4j/opentest4j/1.2.0/opentest4j-1.2.0.jar:/home/vagozino/.m2/repository/org/junit/platform/junit-platform-commons/1.8.2/junit-platform-commons-1.8.2.jar:/home/vagozino/.m2/repository/org/apiguardian/apiguardian-api/1.1.2/apiguardian-api-1.1.2.jar:/home/vagozino/.m2/repository/org/junit/jupiter/junit-jupiter-params/5.8.2/junit-jupiter-params-5.8.2.jar:/home/vagozino/.m2/repository/org/junit/jupiter/junit-jupiter-engine/5.8.2/junit-jupiter-engine-5.8.2.jar:/home/vagozino/.m2/repository/org/junit/platform/junit-platform-engine/1.8.2/junit-platform-engine-1.8.2.jar:/home/vagozino/.m2/repository/org/mockito/mockito-core/4.4.0/mockito-core-4.4.0.jar:/home/vagozino/.m2/repository/net/bytebuddy/byte-buddy/1.12.8/byte-buddy-1.12.8.jar:/home/vagozino/.m2/repository/net/bytebuddy/byte-buddy-agent/1.12.8/byte-buddy-agent-1.12.8.jar:/home/vagozino/.m2/repository/org/objenesis/objenesis/3.2/objenesis-3.2.jar:/home/vagozino/.m2/repository/org/mockito/mockito-junit-jupiter/4.4.0/mockito-junit-jupiter-4.4.0.jar:/home/vagozino/.m2/repository/org/skyscreamer/jsonassert/1.5.0/jsonassert-1.5.0.jar:/home/vagozino/.m2/repository/com/vaadin/external/google/android-json/0.0.20131108.vaadin1/android-json-0.0.20131108.vaadin1.jar:/home/vagozino/.m2/repository/org/springframework/spring-core/5.3.19/spring-core-5.3.19.jar:/home/vagozino/.m2/repository/org/springframework/spring-jcl/5.3.19/spring-jcl-5.3.19.jar:/home/vagozino/.m2/repository/org/springframework/spring-test/5.3.19/spring-test-5.3.19.jar:/home/vagozino/.m2/repository/org/xmlunit/xmlunit-core/2.9.0/xmlunit-core-2.9.0.jar:"/>
    <property name="sun.cpu.endian" value="little"/>
    <property name="user.home" value="/home/vagozino"/>
    <property name="user.language" value="en"/>
    <property name="java.specification.vendor" value="Oracle Corporation"/>
    <property name="java.version.date" value="2022-03-22"/>
    <property name="java.home" value="/usr/lib/jvm/java-18-openjdk"/>
    <property name="file.separator" value="/"/>
    <property name="basedir" value="/home/vagozino/projects/university/8th semester/advancedprogrammingtechniques/lab/lab4/demo"/>
    <property name="java.vm.compressedOopsMode" value="32-bit"/>
    <property name="line.separator" value="&#10;"/>
    <property name="java.vm.specification.vendor" value="Oracle Corporation"/>
    <property name="java.specification.name" value="Java Platform API Specification"/>
    <property name="surefire.real.class.path" value="/home/vagozino/projects/university/8th semester/advancedprogrammingtechniques/lab/lab4/demo/target/surefire/surefirebooter307115144907287090.jar"/>
    <property name="sun.management.compiler" value="HotSpot 64-Bit Tiered Compilers"/>
    <property name="java.runtime.version" value="18+0"/>
    <property name="user.name" value="vagozino"/>
    <property name="path.separator" value=":"/>
    <property name="os.version" value="5.17.1-arch1-1"/>
    <property name="java.runtime.name" value="OpenJDK Runtime Environment"/>
    <property name="file.encoding" value="UTF-8"/>
    <property name="java.vm.name" value="OpenJDK 64-Bit Server VM"/>
    <property name="localRepository" value="/home/vagozino/.m2/repository"/>
    <property name="java.vendor.url.bug" value="https://bugreport.java.com/bugreport/"/>
    <property name="java.io.tmpdir" value="/tmp"/>
    <property name="java.version" value="18"/>
    <property name="user.dir" value="/home/vagozino/projects/university/8th semester/advancedprogrammingtechniques/lab/lab4/demo"/>
    <property name="os.arch" value="amd64"/>
    <property name="java.vm.specification.name" value="Java Virtual Machine Specification"/>
    <property name="native.encoding" value="UTF-8"/>
    <property name="java.library.path" value="/usr/java/packages/lib:/usr/lib64:/lib64:/lib:/usr/lib"/>
    <property name="java.vm.info" value="mixed mode"/>
    <property name="java.vendor" value="N/A"/>
    <property name="java.vm.version" value="18+0"/>
    <property name="sun.io.unicode.encoding" value="UnicodeLittle"/>
    <property name="java.class.version" value="62.0"/>
  </properties>
  <testcase name="gr.upatras.demo.DemoApplicationTests" classname="gr.upatras.demo.DemoApplicationTests" time="0.456">
    <error message="Unable to find a @SpringBootConfiguration, you need to use @ContextConfiguration or @SpringBootTest(classes=...) with your test" type="java.lang.IllegalStateException">java.lang.IllegalStateException: Unable to find a @SpringBootConfiguration, you need to use @ContextConfiguration or @SpringBootTest(classes=...) with your test
</error>
    <system-out><![CDATA[11:41:50.186 [main] DEBUG org.springframework.test.context.BootstrapUtils - Instantiating CacheAwareContextLoaderDelegate from class [org.springframework.test.context.cache.DefaultCacheAwareContextLoaderDelegate]
11:41:50.202 [main] DEBUG org.springframework.test.context.BootstrapUtils - Instantiating BootstrapContext using constructor [public org.springframework.test.context.support.DefaultBootstrapContext(java.lang.Class,org.springframework.test.context.CacheAwareContextLoaderDelegate)]
11:41:50.273 [main] DEBUG org.springframework.test.context.BootstrapUtils - Instantiating TestContextBootstrapper for test class [gr.upatras.demo.DemoApplicationTests] from class [org.springframework.boot.test.context.SpringBootTestContextBootstrapper]
11:41:50.290 [main] INFO org.springframework.boot.test.context.SpringBootTestContextBootstrapper - Neither @ContextConfiguration nor @ContextHierarchy found for test class [gr.upatras.demo.DemoApplicationTests], using SpringBootContextLoader
11:41:50.295 [main] DEBUG org.springframework.test.context.support.AbstractContextLoader - Did not detect default resource location for test class [gr.upatras.demo.DemoApplicationTests]: class path resource [gr/upatras/demo/DemoApplicationTests-context.xml] does not exist
11:41:50.296 [main] DEBUG org.springframework.test.context.support.AbstractContextLoader - Did not detect default resource location for test class [gr.upatras.demo.DemoApplicationTests]: class path resource [gr/upatras/demo/DemoApplicationTestsContext.groovy] does not exist
11:41:50.297 [main] INFO org.springframework.test.context.support.AbstractContextLoader - Could not detect default resource locations for test class [gr.upatras.demo.DemoApplicationTests]: no resource found for suffixes {-context.xml, Context.groovy}.
11:41:50.297 [main] INFO org.springframework.test.context.support.AnnotationConfigContextLoaderUtils - Could not detect default configuration classes for test class [gr.upatras.demo.DemoApplicationTests]: DemoApplicationTests does not declare any static, non-private, non-final, nested classes annotated with @Configuration.
11:41:50.365 [main] DEBUG org.springframework.test.context.support.ActiveProfilesUtils - Could not find an 'annotation declaring class' for annotation type [org.springframework.test.context.ActiveProfiles] and class [gr.upatras.demo.DemoApplicationTests]
]]></system-out>
  </testcase>
</testsuite>